<?xml version="1.0" encoding="UTF-8"?>
<!-- Generated by org.testng.reporters.JUnitReportReporter -->
<testsuite hostname="user-PC" name="test.LunchBrowserTest" tests="1" failures="0" timestamp="25 Apr 2016 07:36:20 GMT" time="71.986" errors="0">
  <testcase name="chromeBrowserTest" time="71.986" classname="test.LunchBrowserTest"/>
</testsuite> <!-- test.LunchBrowserTest -->
